<?xml version="1.0" encoding="UTF-8"?>
<robot generator="Robot 4.1.3 (Python 3.10.1 on win32)" generated="20220221 09:57:52.227" rpa="false" schemaversion="2">
<suite id="s1" name="DataDriven" source="C:\Users\Global\PycharmProjects\pythonProject2\Test Cases\DataDriven.robot">
<test id="s1-t1" name="Test case for login logout Functionality">
<kw name="Open Browser" library="SeleniumLibrary">
<arg>${var1}</arg>
<arg>Chrome</arg>
<doc>Opens a new browser instance to the optional ``url``.</doc>
<msg timestamp="20220221 09:57:52.700" level="INFO">Opening browser 'Chrome' to base url 'https://www.facebook.com/'.</msg>
<status status="PASS" starttime="20220221 09:57:52.700" endtime="20220221 09:57:57.037"/>
</kw>
<kw name="Maximize Browser Window" library="SeleniumLibrary">
<doc>Maximizes current browser window.</doc>
<status status="PASS" starttime="20220221 09:57:57.037" endtime="20220221 09:57:57.173"/>
</kw>
<kw name="Read Number of Rows" library="UserKeywords">
<var>${row}</var>
<arg>Sheet1</arg>
<kw name="Fetch Number Of Rows" library="ReadData">
<var>${maxr}</var>
<arg>${Sheetname}</arg>
<msg timestamp="20220221 09:57:57.173" level="INFO">${maxr} = 6</msg>
<status status="PASS" starttime="20220221 09:57:57.173" endtime="20220221 09:57:57.173"/>
</kw>
<msg timestamp="20220221 09:57:57.173" level="INFO">${row} = 6</msg>
<status status="PASS" starttime="20220221 09:57:57.173" endtime="20220221 09:57:57.173"/>
</kw>
<for flavor="IN RANGE">
<var>${i}</var>
<value>1</value>
<value>${row}+1</value>
<iter>
<var name="${i}">1</var>
<kw name="Read Excel Data of Cell" library="UserKeywords">
<var>${username}</var>
<arg>Sheet1</arg>
<arg>${i}</arg>
<arg>1</arg>
<kw name="Fetch Cell Data" library="ReadData">
<var>${celldata}</var>
<arg>${Sheetname}</arg>
<arg>${row}</arg>
<arg>${cell}</arg>
<msg timestamp="20220221 09:57:57.173" level="INFO">${celldata} = user1</msg>
<status status="PASS" starttime="20220221 09:57:57.173" endtime="20220221 09:57:57.173"/>
</kw>
<msg timestamp="20220221 09:57:57.173" level="INFO">${username} = user1</msg>
<status status="PASS" starttime="20220221 09:57:57.173" endtime="20220221 09:57:57.173"/>
</kw>
<kw name="Read Excel Data of Cell" library="UserKeywords">
<var>${password}</var>
<arg>Sheet1</arg>
<arg>${i}</arg>
<arg>2</arg>
<kw name="Fetch Cell Data" library="ReadData">
<var>${celldata}</var>
<arg>${Sheetname}</arg>
<arg>${row}</arg>
<arg>${cell}</arg>
<msg timestamp="20220221 09:57:57.173" level="INFO">${celldata} = pass1</msg>
<status status="PASS" starttime="20220221 09:57:57.173" endtime="20220221 09:57:57.173"/>
</kw>
<msg timestamp="20220221 09:57:57.173" level="INFO">${password} = pass1</msg>
<status status="PASS" starttime="20220221 09:57:57.173" endtime="20220221 09:57:57.173"/>
</kw>
<kw name="Input Text" library="SeleniumLibrary">
<arg>id:email</arg>
<arg>${username}</arg>
<doc>Types the given ``text`` into the text field identified by ``locator``.</doc>
<msg timestamp="20220221 09:57:57.173" level="INFO">Typing text 'user1' into text field 'id:email'.</msg>
<status status="PASS" starttime="20220221 09:57:57.173" endtime="20220221 09:57:57.290"/>
</kw>
<kw name="Input Text" library="SeleniumLibrary">
<arg>id:pass</arg>
<arg>${password}</arg>
<doc>Types the given ``text`` into the text field identified by ``locator``.</doc>
<msg timestamp="20220221 09:57:57.290" level="INFO">Typing text 'pass1' into text field 'id:pass'.</msg>
<status status="PASS" starttime="20220221 09:57:57.290" endtime="20220221 09:57:57.407"/>
</kw>
<kw name="Click Button" library="SeleniumLibrary">
<arg>xpath://button[@type='submit']</arg>
<doc>Clicks the button identified by ``locator``.</doc>
<msg timestamp="20220221 09:57:57.407" level="INFO">Clicking button 'xpath://button[@type='submit']'.</msg>
<status status="PASS" starttime="20220221 09:57:57.407" endtime="20220221 09:57:57.531"/>
</kw>
<kw name="Sleep" library="BuiltIn">
<arg>5seconds</arg>
<doc>Pauses the test executed for the given time.</doc>
<msg timestamp="20220221 09:58:02.532" level="INFO">Slept 5 seconds</msg>
<status status="PASS" starttime="20220221 09:57:57.531" endtime="20220221 09:58:02.532"/>
</kw>
<status status="PASS" starttime="20220221 09:57:57.173" endtime="20220221 09:58:02.532"/>
</iter>
<iter>
<var name="${i}">2</var>
<kw name="Read Excel Data of Cell" library="UserKeywords">
<var>${username}</var>
<arg>Sheet1</arg>
<arg>${i}</arg>
<arg>1</arg>
<kw name="Fetch Cell Data" library="ReadData">
<var>${celldata}</var>
<arg>${Sheetname}</arg>
<arg>${row}</arg>
<arg>${cell}</arg>
<msg timestamp="20220221 09:58:02.532" level="INFO">${celldata} = user2</msg>
<status status="PASS" starttime="20220221 09:58:02.532" endtime="20220221 09:58:02.532"/>
</kw>
<msg timestamp="20220221 09:58:02.532" level="INFO">${username} = user2</msg>
<status status="PASS" starttime="20220221 09:58:02.532" endtime="20220221 09:58:02.532"/>
</kw>
<kw name="Read Excel Data of Cell" library="UserKeywords">
<var>${password}</var>
<arg>Sheet1</arg>
<arg>${i}</arg>
<arg>2</arg>
<kw name="Fetch Cell Data" library="ReadData">
<var>${celldata}</var>
<arg>${Sheetname}</arg>
<arg>${row}</arg>
<arg>${cell}</arg>
<msg timestamp="20220221 09:58:02.532" level="INFO">${celldata} = pass2</msg>
<status status="PASS" starttime="20220221 09:58:02.532" endtime="20220221 09:58:02.532"/>
</kw>
<msg timestamp="20220221 09:58:02.532" level="INFO">${password} = pass2</msg>
<status status="PASS" starttime="20220221 09:58:02.532" endtime="20220221 09:58:02.532"/>
</kw>
<kw name="Input Text" library="SeleniumLibrary">
<arg>id:email</arg>
<arg>${username}</arg>
<doc>Types the given ``text`` into the text field identified by ``locator``.</doc>
<msg timestamp="20220221 09:58:02.532" level="INFO">Typing text 'user2' into text field 'id:email'.</msg>
<status status="PASS" starttime="20220221 09:58:02.532" endtime="20220221 09:58:13.466"/>
</kw>
<kw name="Input Text" library="SeleniumLibrary">
<arg>id:pass</arg>
<arg>${password}</arg>
<doc>Types the given ``text`` into the text field identified by ``locator``.</doc>
<msg timestamp="20220221 09:58:13.466" level="INFO">Typing text 'pass2' into text field 'id:pass'.</msg>
<status status="PASS" starttime="20220221 09:58:13.466" endtime="20220221 09:58:13.621"/>
</kw>
<kw name="Click Button" library="SeleniumLibrary">
<arg>xpath://button[@type='submit']</arg>
<doc>Clicks the button identified by ``locator``.</doc>
<msg timestamp="20220221 09:58:13.621" level="INFO">Clicking button 'xpath://button[@type='submit']'.</msg>
<status status="PASS" starttime="20220221 09:58:13.621" endtime="20220221 09:58:13.741"/>
</kw>
<kw name="Sleep" library="BuiltIn">
<arg>5seconds</arg>
<doc>Pauses the test executed for the given time.</doc>
<msg timestamp="20220221 09:58:18.757" level="INFO">Slept 5 seconds</msg>
<status status="PASS" starttime="20220221 09:58:13.741" endtime="20220221 09:58:18.757"/>
</kw>
<status status="PASS" starttime="20220221 09:58:02.532" endtime="20220221 09:58:18.757"/>
</iter>
<iter>
<var name="${i}">3</var>
<kw name="Read Excel Data of Cell" library="UserKeywords">
<var>${username}</var>
<arg>Sheet1</arg>
<arg>${i}</arg>
<arg>1</arg>
<kw name="Fetch Cell Data" library="ReadData">
<var>${celldata}</var>
<arg>${Sheetname}</arg>
<arg>${row}</arg>
<arg>${cell}</arg>
<msg timestamp="20220221 09:58:18.757" level="INFO">${celldata} = user3</msg>
<status status="PASS" starttime="20220221 09:58:18.757" endtime="20220221 09:58:18.757"/>
</kw>
<msg timestamp="20220221 09:58:18.757" level="INFO">${username} = user3</msg>
<status status="PASS" starttime="20220221 09:58:18.757" endtime="20220221 09:58:18.757"/>
</kw>
<kw name="Read Excel Data of Cell" library="UserKeywords">
<var>${password}</var>
<arg>Sheet1</arg>
<arg>${i}</arg>
<arg>2</arg>
<kw name="Fetch Cell Data" library="ReadData">
<var>${celldata}</var>
<arg>${Sheetname}</arg>
<arg>${row}</arg>
<arg>${cell}</arg>
<msg timestamp="20220221 09:58:18.757" level="INFO">${celldata} = pass3</msg>
<status status="PASS" starttime="20220221 09:58:18.757" endtime="20220221 09:58:18.757"/>
</kw>
<msg timestamp="20220221 09:58:18.757" level="INFO">${password} = pass3</msg>
<status status="PASS" starttime="20220221 09:58:18.757" endtime="20220221 09:58:18.757"/>
</kw>
<kw name="Input Text" library="SeleniumLibrary">
<arg>id:email</arg>
<arg>${username}</arg>
<doc>Types the given ``text`` into the text field identified by ``locator``.</doc>
<msg timestamp="20220221 09:58:18.757" level="INFO">Typing text 'user3' into text field 'id:email'.</msg>
<status status="PASS" starttime="20220221 09:58:18.757" endtime="20220221 09:58:21.067"/>
</kw>
<kw name="Input Text" library="SeleniumLibrary">
<arg>id:pass</arg>
<arg>${password}</arg>
<doc>Types the given ``text`` into the text field identified by ``locator``.</doc>
<msg timestamp="20220221 09:58:21.067" level="INFO">Typing text 'pass3' into text field 'id:pass'.</msg>
<status status="PASS" starttime="20220221 09:58:21.067" endtime="20220221 09:58:21.173"/>
</kw>
<kw name="Click Button" library="SeleniumLibrary">
<arg>xpath://button[@type='submit']</arg>
<doc>Clicks the button identified by ``locator``.</doc>
<msg timestamp="20220221 09:58:21.173" level="INFO">Clicking button 'xpath://button[@type='submit']'.</msg>
<status status="PASS" starttime="20220221 09:58:21.173" endtime="20220221 09:58:21.269"/>
</kw>
<kw name="Sleep" library="BuiltIn">
<arg>5seconds</arg>
<doc>Pauses the test executed for the given time.</doc>
<msg timestamp="20220221 09:58:26.277" level="INFO">Slept 5 seconds</msg>
<status status="PASS" starttime="20220221 09:58:21.269" endtime="20220221 09:58:26.277"/>
</kw>
<status status="PASS" starttime="20220221 09:58:18.757" endtime="20220221 09:58:26.277"/>
</iter>
<iter>
<var name="${i}">4</var>
<kw name="Read Excel Data of Cell" library="UserKeywords">
<var>${username}</var>
<arg>Sheet1</arg>
<arg>${i}</arg>
<arg>1</arg>
<kw name="Fetch Cell Data" library="ReadData">
<var>${celldata}</var>
<arg>${Sheetname}</arg>
<arg>${row}</arg>
<arg>${cell}</arg>
<msg timestamp="20220221 09:58:26.277" level="INFO">${celldata} = user4</msg>
<status status="PASS" starttime="20220221 09:58:26.277" endtime="20220221 09:58:26.277"/>
</kw>
<msg timestamp="20220221 09:58:26.277" level="INFO">${username} = user4</msg>
<status status="PASS" starttime="20220221 09:58:26.277" endtime="20220221 09:58:26.277"/>
</kw>
<kw name="Read Excel Data of Cell" library="UserKeywords">
<var>${password}</var>
<arg>Sheet1</arg>
<arg>${i}</arg>
<arg>2</arg>
<kw name="Fetch Cell Data" library="ReadData">
<var>${celldata}</var>
<arg>${Sheetname}</arg>
<arg>${row}</arg>
<arg>${cell}</arg>
<msg timestamp="20220221 09:58:26.277" level="INFO">${celldata} = pass4</msg>
<status status="PASS" starttime="20220221 09:58:26.277" endtime="20220221 09:58:26.277"/>
</kw>
<msg timestamp="20220221 09:58:26.277" level="INFO">${password} = pass4</msg>
<status status="PASS" starttime="20220221 09:58:26.277" endtime="20220221 09:58:26.277"/>
</kw>
<kw name="Input Text" library="SeleniumLibrary">
<arg>id:email</arg>
<arg>${username}</arg>
<doc>Types the given ``text`` into the text field identified by ``locator``.</doc>
<msg timestamp="20220221 09:58:26.277" level="INFO">Typing text 'user4' into text field 'id:email'.</msg>
<status status="PASS" starttime="20220221 09:58:26.277" endtime="20220221 09:58:26.619"/>
</kw>
<kw name="Input Text" library="SeleniumLibrary">
<arg>id:pass</arg>
<arg>${password}</arg>
<doc>Types the given ``text`` into the text field identified by ``locator``.</doc>
<msg timestamp="20220221 09:58:26.627" level="INFO">Typing text 'pass4' into text field 'id:pass'.</msg>
<status status="PASS" starttime="20220221 09:58:26.619" endtime="20220221 09:58:26.739"/>
</kw>
<kw name="Click Button" library="SeleniumLibrary">
<arg>xpath://button[@type='submit']</arg>
<doc>Clicks the button identified by ``locator``.</doc>
<msg timestamp="20220221 09:58:26.739" level="INFO">Clicking button 'xpath://button[@type='submit']'.</msg>
<status status="PASS" starttime="20220221 09:58:26.739" endtime="20220221 09:58:26.827"/>
</kw>
<kw name="Sleep" library="BuiltIn">
<arg>5seconds</arg>
<doc>Pauses the test executed for the given time.</doc>
<msg timestamp="20220221 09:58:31.828" level="INFO">Slept 5 seconds</msg>
<status status="PASS" starttime="20220221 09:58:26.827" endtime="20220221 09:58:31.828"/>
</kw>
<status status="PASS" starttime="20220221 09:58:26.277" endtime="20220221 09:58:31.828"/>
</iter>
<iter>
<var name="${i}">5</var>
<kw name="Read Excel Data of Cell" library="UserKeywords">
<var>${username}</var>
<arg>Sheet1</arg>
<arg>${i}</arg>
<arg>1</arg>
<kw name="Fetch Cell Data" library="ReadData">
<var>${celldata}</var>
<arg>${Sheetname}</arg>
<arg>${row}</arg>
<arg>${cell}</arg>
<msg timestamp="20220221 09:58:31.828" level="INFO">${celldata} = user5</msg>
<status status="PASS" starttime="20220221 09:58:31.828" endtime="20220221 09:58:31.828"/>
</kw>
<msg timestamp="20220221 09:58:31.828" level="INFO">${username} = user5</msg>
<status status="PASS" starttime="20220221 09:58:31.828" endtime="20220221 09:58:31.828"/>
</kw>
<kw name="Read Excel Data of Cell" library="UserKeywords">
<var>${password}</var>
<arg>Sheet1</arg>
<arg>${i}</arg>
<arg>2</arg>
<kw name="Fetch Cell Data" library="ReadData">
<var>${celldata}</var>
<arg>${Sheetname}</arg>
<arg>${row}</arg>
<arg>${cell}</arg>
<msg timestamp="20220221 09:58:31.828" level="INFO">${celldata} = pass5</msg>
<status status="PASS" starttime="20220221 09:58:31.828" endtime="20220221 09:58:31.828"/>
</kw>
<msg timestamp="20220221 09:58:31.828" level="INFO">${password} = pass5</msg>
<status status="PASS" starttime="20220221 09:58:31.828" endtime="20220221 09:58:31.828"/>
</kw>
<kw name="Input Text" library="SeleniumLibrary">
<arg>id:email</arg>
<arg>${username}</arg>
<doc>Types the given ``text`` into the text field identified by ``locator``.</doc>
<msg timestamp="20220221 09:58:31.828" level="INFO">Typing text 'user5' into text field 'id:email'.</msg>
<status status="PASS" starttime="20220221 09:58:31.828" endtime="20220221 09:58:32.068"/>
</kw>
<kw name="Input Text" library="SeleniumLibrary">
<arg>id:pass</arg>
<arg>${password}</arg>
<doc>Types the given ``text`` into the text field identified by ``locator``.</doc>
<msg timestamp="20220221 09:58:32.068" level="INFO">Typing text 'pass5' into text field 'id:pass'.</msg>
<status status="PASS" starttime="20220221 09:58:32.068" endtime="20220221 09:58:32.188"/>
</kw>
<kw name="Click Button" library="SeleniumLibrary">
<arg>xpath://button[@type='submit']</arg>
<doc>Clicks the button identified by ``locator``.</doc>
<msg timestamp="20220221 09:58:32.188" level="INFO">Clicking button 'xpath://button[@type='submit']'.</msg>
<status status="PASS" starttime="20220221 09:58:32.188" endtime="20220221 09:58:32.276"/>
</kw>
<kw name="Sleep" library="BuiltIn">
<arg>5seconds</arg>
<doc>Pauses the test executed for the given time.</doc>
<msg timestamp="20220221 09:58:37.289" level="INFO">Slept 5 seconds</msg>
<status status="PASS" starttime="20220221 09:58:32.276" endtime="20220221 09:58:37.289"/>
</kw>
<status status="PASS" starttime="20220221 09:58:31.828" endtime="20220221 09:58:37.289"/>
</iter>
<iter>
<var name="${i}">6</var>
<kw name="Read Excel Data of Cell" library="UserKeywords">
<var>${username}</var>
<arg>Sheet1</arg>
<arg>${i}</arg>
<arg>1</arg>
<kw name="Fetch Cell Data" library="ReadData">
<var>${celldata}</var>
<arg>${Sheetname}</arg>
<arg>${row}</arg>
<arg>${cell}</arg>
<msg timestamp="20220221 09:58:37.289" level="INFO">${celldata} = user6</msg>
<status status="PASS" starttime="20220221 09:58:37.289" endtime="20220221 09:58:37.289"/>
</kw>
<msg timestamp="20220221 09:58:37.289" level="INFO">${username} = user6</msg>
<status status="PASS" starttime="20220221 09:58:37.289" endtime="20220221 09:58:37.289"/>
</kw>
<kw name="Read Excel Data of Cell" library="UserKeywords">
<var>${password}</var>
<arg>Sheet1</arg>
<arg>${i}</arg>
<arg>2</arg>
<kw name="Fetch Cell Data" library="ReadData">
<var>${celldata}</var>
<arg>${Sheetname}</arg>
<arg>${row}</arg>
<arg>${cell}</arg>
<msg timestamp="20220221 09:58:37.289" level="INFO">${celldata} = pass6</msg>
<status status="PASS" starttime="20220221 09:58:37.289" endtime="20220221 09:58:37.289"/>
</kw>
<msg timestamp="20220221 09:58:37.289" level="INFO">${password} = pass6</msg>
<status status="PASS" starttime="20220221 09:58:37.289" endtime="20220221 09:58:37.289"/>
</kw>
<kw name="Input Text" library="SeleniumLibrary">
<arg>id:email</arg>
<arg>${username}</arg>
<doc>Types the given ``text`` into the text field identified by ``locator``.</doc>
<msg timestamp="20220221 09:58:37.289" level="INFO">Typing text 'user6' into text field 'id:email'.</msg>
<status status="PASS" starttime="20220221 09:58:37.289" endtime="20220221 09:58:37.881"/>
</kw>
<kw name="Input Text" library="SeleniumLibrary">
<arg>id:pass</arg>
<arg>${password}</arg>
<doc>Types the given ``text`` into the text field identified by ``locator``.</doc>
<msg timestamp="20220221 09:58:37.881" level="INFO">Typing text 'pass6' into text field 'id:pass'.</msg>
<status status="PASS" starttime="20220221 09:58:37.881" endtime="20220221 09:58:37.993"/>
</kw>
<kw name="Click Button" library="SeleniumLibrary">
<arg>xpath://button[@type='submit']</arg>
<doc>Clicks the button identified by ``locator``.</doc>
<msg timestamp="20220221 09:58:37.993" level="INFO">Clicking button 'xpath://button[@type='submit']'.</msg>
<status status="PASS" starttime="20220221 09:58:37.993" endtime="20220221 09:58:38.081"/>
</kw>
<kw name="Sleep" library="BuiltIn">
<arg>5seconds</arg>
<doc>Pauses the test executed for the given time.</doc>
<msg timestamp="20220221 09:58:43.088" level="INFO">Slept 5 seconds</msg>
<status status="PASS" starttime="20220221 09:58:38.081" endtime="20220221 09:58:43.088"/>
</kw>
<status status="PASS" starttime="20220221 09:58:37.289" endtime="20220221 09:58:43.088"/>
</iter>
<status status="PASS" starttime="20220221 09:57:57.173" endtime="20220221 09:58:43.088"/>
</for>
<status status="PASS" starttime="20220221 09:57:52.700" endtime="20220221 09:58:43.088"/>
</test>
<status status="PASS" starttime="20220221 09:57:52.227" endtime="20220221 09:58:43.088"/>
</suite>
<statistics>
<total>
<stat pass="1" fail="0" skip="0">All Tests</stat>
</total>
<tag>
</tag>
<suite>
<stat pass="1" fail="0" skip="0" id="s1" name="DataDriven">DataDriven</stat>
</suite>
</statistics>
<errors>
</errors>
</robot>
